{"log":
 [{"message":
   ".> LEAN_PATH=././.lake/packages/Cli/.lake/build/lib/lean:././.lake/packages/batteries/.lake/build/lib/lean:././.lake/packages/Qq/.lake/build/lib/lean:././.lake/packages/aesop/.lake/build/lib/lean:././.lake/packages/proofwidgets/.lake/build/lib/lean:././.lake/packages/importGraph/.lake/build/lib/lean:././.lake/packages/LeanSearchClient/.lake/build/lib/lean:././.lake/packages/plausible/.lake/build/lib/lean:././.lake/packages/mathlib/.lake/build/lib/lean:././.lake/build/lib/lean /Users/marcodessalvi/.elan/toolchains/leanprover--lean4---v4.18.0-rc1/bin/lean -Dpp.unicode.fun=true -DautoImplicit=false ././././AMMLib/Transaction/Swap/Additive.lean -R ./././. -o ././.lake/build/lib/lean/AMMLib/Transaction/Swap/Additive.olean -i ././.lake/build/lib/lean/AMMLib/Transaction/Swap/Additive.ilean -c ././.lake/build/ir/AMMLib/Transaction/Swap/Additive.c --json",
   "level": "trace"},
  {"message":
   "././././AMMLib/Transaction/Swap/Additive.lean:18:4: declaration uses 'sorry'",
   "level": "warning"},
  {"message":
   "././././AMMLib/Transaction/Swap/Additive.lean:100:16: declaration uses 'sorry'",
   "level": "warning"},
  {"message":
   "././././AMMLib/Transaction/Swap/Additive.lean:130:16: declaration uses 'sorry'",
   "level": "warning"},
  {"message":
   "././././AMMLib/Transaction/Swap/Additive.lean:158:16: declaration uses 'sorry'",
   "level": "warning"},
  {"message":
   "././././AMMLib/Transaction/Swap/Additive.lean:185:16: declaration uses 'sorry'",
   "level": "warning"},
  {"message":
   "././././AMMLib/Transaction/Swap/Additive.lean:205:8: declaration uses 'sorry'",
   "level": "warning"}],
 "depHash": "1707542182742672417"}